<?xml version="1.0" encoding="utf-8"?><testsuites name="pytest tests"><testsuite name="pytest" errors="0" failures="0" skipped="0" tests="32" time="2.102" timestamp="2026-07-23T16:57:11.821181+00:00" hostname="runnervm3jd5f"><testcase classname="tests.unit.test_api" name="test_build_fit_bucket" time="0.002" /><testcase classname="tests.unit.test_api" name="test_serialize_jd_info" time="0.001" /><testcase classname="tests.unit.test_api" name="test_health" time="0.009" /><testcase classname="tests.unit.test_api" name="test_models" time="0.004" /><testcase classname="tests.unit.test_api" name="test_configuration" time="0.004" /><testcase classname="tests.unit.test_api" name="test_get_review_status_not_found" time="0.003" /><testcase classname="tests.unit.test_extraction" name="test_unknown_extension" time="0.001" /><testcase classname="tests.unit.test_json" name="test_valid_json" time="0.001" /><testcase classname="tests.unit.test_json" name="test_invalid_json" time="0.001" /><testcase classname="tests.unit.test_ollama" name="test_safe_ollama_json_success" time="0.006" /><testcase classname="tests.unit.test_ollama" name="test_safe_ollama_json_invalid_schema" time="0.005" /><testcase classname="tests.unit.test_ollama" name="test_get_model_options_includes_installed_and_recommended" time="0.001" /><testcase classname="tests.unit.test_ollama" name="test_get_model_options_uses_recommended_when_ollama_unavailable" time="0.001" /><testcase classname="tests.unit.test_ollama" name="test_get_model_options_returns_gemini_models" time="0.001" /><testcase classname="tests.unit.test_ollama" name="test_jd_response_schema_requires_display_fields" time="0.001" /><testcase classname="tests.unit.test_ollama" name="test_jd_response_schema_allows_list_skills" time="0.004" /><testcase classname="tests.unit.test_ollama" name="test_analyze_match_justification_returns_summary" time="0.002" /><testcase classname="tests.unit.test_ollama" name="test_candidate_detail_schema_requires_display_fields" time="0.001" /><testcase classname="tests.unit.test_ollama" name="test_candidate_grading_schema_requires_display_fields" time="0.001" /><testcase classname="tests.unit.test_ollama" name="test_analyze_candidate_detail_returns_skills_and_justification" time="0.004" /><testcase classname="tests.unit.test_ollama" name="test_analyze_candidate_detail_uses_cache" time="0.003" /><testcase classname="tests.unit.test_ollama" name="test_analyze_candidate_detail_falls_back_to_indexed_skills" time="0.005" /><testcase classname="tests.unit.test_ollama" name="test_candidate_detail_replaces_not_found_missing_skills" time="0.004" /><testcase classname="tests.unit.test_ollama" name="test_candidate_grading_falls_back_without_not_found" time="0.002" /><testcase classname="tests.unit.test_ollama" name="test_summarize_gemini_quota_error" time="0.001" /><testcase classname="tests.unit.test_ollama" name="test_resume_skill_profile_cache_is_complete" time="0.001" /><testcase classname="tests.unit.test_ollama" name="test_get_resume_skill_profile_uses_cached_gemini_flash_data" time="0.002" /><testcase classname="tests.unit.test_ollama" name="test_normalize_configuration_prefills_blank_prompts" time="0.001" /><testcase classname="tests.unit.test_validation" name="test_valid_pdf" time="0.001" /><testcase classname="tests.unit.test_validation" name="test_invalid_extension" time="0.001" /><testcase classname="tests.unit.test_validation" name="test_fake_pdf" time="0.001" /><testcase classname="tests.unit.test_validation" name="test_large_file" time="0.002" /></testsuite></testsuites>